2022-45-25 06:45:54 INFO  EmployeeRestAPI:20 - Display the message
2022-59-25 06:59:29 INFO  EmployeeRestAPI:27 - Check the Response displayed
2022-05-25 07:05:17 INFO  EmployeeRestAPI:27 - Check the Response displayed
2022-05-25 07:05:17 INFO  EmployeeRestAPI:34 - Status Code
2022-05-25 07:05:17 INFO  EmployeeRestAPI:41 - Status Line
2022-05-25 07:05:51 INFO  EmployeeRestAPI:27 - Check the Response displayed
2022-05-25 07:05:51 INFO  EmployeeRestAPI:34 - Status Code
2022-05-25 07:05:51 INFO  EmployeeRestAPI:41 - Status Line
2022-13-25 07:13:49 INFO  EmployeeRestAPI:27 - Check the Response displayed
2022-13-25 07:13:49 INFO  EmployeeRestAPI:34 - Status Code
2022-13-25 07:13:49 INFO  EmployeeRestAPI:41 - Status Line
2022-13-25 07:13:49 WARN  EmployeeRestAPI:50 - responsetime less than 2000
2022-17-25 07:17:19 INFO  EmployeeRestAPI:27 - Check the Response displayed
2022-17-25 07:17:19 INFO  EmployeeRestAPI:34 - Status Code
2022-17-25 07:17:19 INFO  EmployeeRestAPI:41 - Status Line
2022-17-25 07:17:19 WARN  EmployeeRestAPI:50 - responsetime less than 2000
2022-18-25 07:18:09 INFO  EmployeeRestAPI:27 - Check the Response displayed
2022-18-25 07:18:09 INFO  EmployeeRestAPI:34 - Status Code
2022-18-25 07:18:09 INFO  EmployeeRestAPI:41 - Status Line
2022-18-25 07:18:09 WARN  EmployeeRestAPI:50 - responsetime greater than 2000
2022-18-25 07:18:43 INFO  EmployeeRestAPI:27 - Check the Response displayed
2022-18-25 07:18:43 INFO  EmployeeRestAPI:34 - Status Code
2022-18-25 07:18:43 INFO  EmployeeRestAPI:41 - Status Line
2022-19-25 07:19:21 INFO  EmployeeRestAPI:27 - Check the Response displayed
2022-19-25 07:19:21 INFO  EmployeeRestAPI:34 - Status Code
2022-20-25 07:20:15 INFO  EmployeeRestAPI:27 - Check the Response displayed
2022-20-25 07:20:15 INFO  EmployeeRestAPI:34 - Status Code
2022-21-25 07:21:22 INFO  EmployeeRestAPI:27 - Check the Response displayed
2022-21-25 07:21:22 INFO  EmployeeRestAPI:34 - Status Code
2022-21-25 07:21:22 INFO  EmployeeRestAPI:41 - Status Line
2022-21-25 07:21:38 INFO  EmployeeRestAPI:27 - Check the Response displayed
2022-21-25 07:21:38 INFO  EmployeeRestAPI:34 - Status Code
2022-21-25 07:21:38 INFO  EmployeeRestAPI:41 - Status Line
2022-24-25 07:24:25 INFO  EmployeeRestAPI:27 - Check the Response displayed
2022-24-25 07:24:25 INFO  EmployeeRestAPI:34 - Status Code
2022-24-25 07:24:25 INFO  EmployeeRestAPI:41 - Status Line
2022-27-25 07:27:18 INFO  EmployeeRestAPI:27 - Check the Response displayed
2022-27-25 07:27:18 INFO  EmployeeRestAPI:34 - Status Code
2022-27-25 07:27:18 INFO  EmployeeRestAPI:41 - Status Line
2022-27-25 07:27:41 INFO  EmployeeRestAPI:27 - Check the Response displayed
2022-27-25 07:27:41 INFO  EmployeeRestAPI:34 - Status Code
2022-27-25 07:27:41 INFO  EmployeeRestAPI:41 - Status Line
2022-31-25 07:31:34 INFO  EmployeeRestAPI:28 - Check the Response displayed
2022-31-25 07:31:34 INFO  EmployeeRestAPI:35 - Status Code
2022-31-25 07:31:34 INFO  EmployeeRestAPI:42 - Status Line
2022-32-25 07:32:00 INFO  EmployeeRestAPI:28 - Check the Response displayed
2022-32-25 07:32:00 INFO  EmployeeRestAPI:35 - Status Code
2022-32-25 07:32:00 INFO  EmployeeRestAPI:42 - Status Line
2022-32-25 07:32:00 INFO  EmployeeRestAPI:72 - Cookies
2022-40-25 07:40:47 INFO  EmployeeRestAPI:88 - Status Code
2022-41-25 07:41:55 INFO  EmployeeRestAPI:88 - Status Code
2022-44-25 07:44:43 INFO  EmployeeRestAPI:88 - Status Code
2022-47-25 07:47:42 INFO  EmployeeRestAPI:88 - Status Code
2022-00-26 09:00:20 INFO  EmployeeRestAPI:32 - Check the Response displayed
2022-00-26 09:00:20 INFO  EmployeeRestAPI:39 - Status Code
2022-00-26 09:00:21 INFO  EmployeeRestAPI:92 - Status Code
2022-04-26 09:04:39 INFO  EmployeeRestAPI:32 - Check the Response displayed
2022-04-26 09:04:39 INFO  EmployeeRestAPI:39 - Status Code
2022-04-26 09:04:40 INFO  EmployeeRestAPI:92 - Status Code
2022-30-26 12:30:24 INFO  EmployeeRestAPI:32 - Check the Response displayed
2022-30-26 12:30:24 INFO  EmployeeRestAPI:39 - Status Code
2022-30-26 12:30:24 INFO  EmployeeRestAPI:46 - Status Line
2022-30-26 12:30:24 WARN  EmployeeRestAPI:55 - responsetime greater than 3000
2022-30-26 12:30:26 INFO  EmployeeRestAPI:92 - Status Code
